#
#model:
#
#<?xml version="1.0" encoding="UTF-8" standalone="no"?><input id="posterior" spec="beast.core.util.CompoundDistribution">
#    <distribution id="prior" spec="beast.core.util.CompoundDistribution">
#        <distribution id="YuleModel.t:test_output_0" spec="beast.evolution.speciation.YuleModel">
#            <parameter id="birthRate.t:test_output_0" name="birthDiffRate">1.0</parameter>
#            <tree id="Tree.t:test_output_0">
#                <taxonset id="TaxonSet.test_output_0" spec="beast.evolution.alignment.TaxonSet">
#                </taxonset>
#            </tree>
#        </distribution>
#        <prior id="YuleBirthRatePrior.t:test_output_0" name="distribution" x="@birthRate.t:test_output_0">
#            <Uniform id="Uniform.1" name="distr" upper="Infinity"/>
#        </prior>
#    </distribution>
#    <distribution id="likelihood" spec="beast.core.util.CompoundDistribution" useThreads="true">
#        <distribution data="@test_output_0" id="treeLikelihood.test_output_0" spec="beast.evolution.likelihood.ThreadedTreeLikelihood" tree="@Tree.t:test_output_0">
#            <siteModel id="SiteModel.s:test_output_0" spec="beast.evolution.sitemodel.SiteModel">
#                <parameter estimate="false" id="mutationRate.s:test_output_0" name="mutationRate">1.0</parameter>
#                <parameter estimate="false" id="gammaShape.s:test_output_0" name="shape">1.0</parameter>
#                <parameter estimate="false" id="proportionInvariant.s:test_output_0" lower="0.0" name="proportionInvariant" upper="1.0">0.0</parameter>
#                <substModel id="JC69.s:test_output_0" spec="beast.evolution.substitutionmodel.JukesCantor"/>
#            </siteModel>
#            <branchRateModel id="StrictClock.c:test_output_0" spec="beast.evolution.branchratemodel.StrictClockModel">
#                <parameter estimate="false" id="clockRate.c:test_output_0" name="clock.rate">1.0</parameter>
#            </branchRateModel>
#        </distribution>
#    </distribution>
#</input>
#
Sample	posterior	likelihood	prior	treeLikelihood	TreeHeight	YuleModel	birthRate
0	-127.87942525966182	-125.57136570003121	-2.308059559630607	-125.57136570003121	0.7531490571971691	-2.308059559630607	1.0
1000	-87.88390314290262	-85.50278454767938	-2.3811185952232465	-85.50278454767938	0.668206084086788	-2.3811185952232465	6.428860563205218
